<?xml version="1.0" encoding="UTF-8"?>
<!-- Generated by org.testng.reporters.JUnitReportReporter -->
<testsuite hostname="HDC4-L-F2E4LSH" failures="0" tests="1" name="com.hrm.testscripts.TC001" time="25.673" errors="0" timestamp="4 Feb 2023 03:36:48 GMT">
  <testcase classname="com.hrm.testscripts.TC001" name="tc001" time="25.673"/>
</testsuite> <!-- com.hrm.testscripts.TC001 -->
